682  [JavaFX Application Thread] INFO  o.b.f.e.controllers.LoginController - LoginController initialized
8910 [JavaFX Application Thread] INFO  o.b.f.e.c.AdminsController - AdminsController initialized
13184 [JavaFX Application Thread] INFO  o.b.f.e.c.AdminsCreateController - AdminCreateController initialized
605  [JavaFX Application Thread] INFO  o.b.f.e.controllers.LoginController - LoginController initialized
8366 [JavaFX Application Thread] INFO  o.b.f.e.c.AdminsController - AdminsController initialized
11705 [JavaFX Application Thread] INFO  o.b.f.e.c.AdminsCreateController - AdminCreateController initialized
714  [JavaFX Application Thread] INFO  o.b.f.e.controllers.LoginController - LoginController initialized
13535 [JavaFX Application Thread] INFO  o.b.f.e.c.AdminsController - AdminsController initialized
607  [JavaFX Application Thread] INFO  o.b.f.e.controllers.LoginController - LoginController initialized
11832 [JavaFX Application Thread] INFO  o.b.f.e.c.AdminsController - AdminsController initialized
623  [JavaFX Application Thread] INFO  o.b.f.e.controllers.LoginController - LoginController initialized
10827 [JavaFX Application Thread] INFO  o.b.f.e.c.AdminsController - AdminsController initialized
32290 [JavaFX Application Thread] INFO  o.b.f.e.c.AdminsCreateController - AdminCreateController initialized
597  [JavaFX Application Thread] INFO  o.b.f.e.controllers.LoginController - LoginController initialized
9990 [JavaFX Application Thread] INFO  o.b.f.e.c.AdminsController - AdminsController initialized
21806 [JavaFX Application Thread] INFO  o.b.f.e.c.AdminsEditController - AdminsEditController initialized
25388 [JavaFX Application Thread] INFO  o.b.f.e.c.AdminsCreateController - AdminCreateController initialized
617  [JavaFX Application Thread] INFO  o.b.f.e.controllers.LoginController - LoginController initialized
9772 [JavaFX Application Thread] INFO  o.b.f.e.c.AdminsController - AdminsController initialized
677  [JavaFX Application Thread] INFO  o.b.f.e.controllers.LoginController - LoginController initialized
10005 [JavaFX Application Thread] INFO  o.b.f.e.c.AdminsController - AdminsController initialized
674  [JavaFX Application Thread] INFO  o.b.f.e.controllers.LoginController - LoginController initialized
8333 [JavaFX Application Thread] INFO  o.b.f.e.c.AdminsController - AdminsController initialized
11500 [JavaFX Application Thread] INFO  o.b.f.e.c.AdminsDetailViewController - AdminsDetailViewController initialized
34130 [JavaFX Application Thread] INFO  o.b.f.e.c.AdminsEditController - AdminsEditController initialized
619  [JavaFX Application Thread] INFO  o.b.f.e.controllers.LoginController - LoginController initialized
16557 [JavaFX Application Thread] INFO  o.b.f.e.c.AdminsController - AdminsController initialized
601  [JavaFX Application Thread] INFO  o.b.f.e.controllers.LoginController - LoginController initialized
8837 [JavaFX Application Thread] INFO  o.b.f.e.c.AdminsController - AdminsController initialized
630  [JavaFX Application Thread] INFO  o.b.f.e.controllers.LoginController - LoginController initialized
8369 [JavaFX Application Thread] INFO  o.b.f.e.c.AdminsController - AdminsController initialized
632  [JavaFX Application Thread] INFO  o.b.f.e.controllers.LoginController - LoginController initialized
9956 [JavaFX Application Thread] INFO  o.b.f.e.c.AdminsController - AdminsController initialized
669  [JavaFX Application Thread] INFO  o.b.f.e.controllers.LoginController - LoginController initialized
9595 [JavaFX Application Thread] INFO  o.b.f.e.c.AdminsController - AdminsController initialized
12909 [JavaFX Application Thread] INFO  o.b.f.e.c.AdminsDetailViewController - AdminsDetailViewController initialized
31263 [JavaFX Application Thread] INFO  o.b.f.e.c.AdminsEditController - AdminsEditController initialized
40001 [JavaFX Application Thread] INFO  o.b.f.e.c.AdminsCreateController - AdminCreateController initialized
613  [JavaFX Application Thread] INFO  o.b.f.e.controllers.LoginController - LoginController initialized
16068 [JavaFX Application Thread] INFO  o.b.f.e.c.AdminsController - AdminsController initialized
28128 [JavaFX Application Thread] INFO  o.b.f.e.c.AdminsEditController - AdminsEditController initialized
33250 [JavaFX Application Thread] INFO  o.b.f.e.c.AdminsCreateController - AdminCreateController initialized
47830 [JavaFX Application Thread] INFO  o.b.f.e.c.AdminsDetailViewController - AdminsDetailViewController initialized
53545 [JavaFX Application Thread] INFO  o.b.f.e.c.AdminsDetailViewController - AdminsDetailViewController initialized
615  [JavaFX Application Thread] INFO  o.b.f.e.controllers.LoginController - LoginController initialized
8313 [JavaFX Application Thread] INFO  o.b.f.e.c.AdminsController - AdminsController initialized
11846 [JavaFX Application Thread] INFO  o.b.f.e.c.AdminsDetailViewController - AdminsDetailViewController initialized
15907 [JavaFX Application Thread] INFO  o.b.f.e.c.AdminsCreateController - AdminCreateController initialized
